<?xml version="1.0" encoding="UTF-8"?>
<testng-results ignored="0" total="2" passed="2" failed="0" skipped="0">
  <reporter-output>
  </reporter-output>
  <suite started-at="2021-02-09T03:47:14Z" name="Default suite" finished-at="2021-02-09T03:47:30Z" duration-ms="16567">
    <groups>
    </groups>
    <test started-at="2021-02-09T03:47:14Z" name="Default test" finished-at="2021-02-09T03:47:30Z" duration-ms="16567">
      <class name="App">
        <test-method is-config="true" signature="setup()[pri:0, instance:App@5ef60048]" started-at="2021-02-09T03:47:14Z" name="setup" finished-at="2021-02-09T03:47:17Z" duration-ms="3369" status="PASS">
          <reporter-output>
          </reporter-output>
        </test-method> <!-- setup -->
        <test-method signature="validateUrl()[pri:1, instance:App@5ef60048]" started-at="2021-02-09T03:47:17Z" name="validateUrl" finished-at="2021-02-09T03:47:17Z" duration-ms="11" status="PASS">
          <reporter-output>
          </reporter-output>
        </test-method> <!-- validateUrl -->
        <test-method signature="validateTitle()[pri:2, instance:App@5ef60048]" started-at="2021-02-09T03:47:17Z" name="validateTitle" finished-at="2021-02-09T03:47:30Z" duration-ms="12579" status="PASS">
          <reporter-output>
          </reporter-output>
        </test-method> <!-- validateTitle -->
        <test-method is-config="true" signature="endSession()[pri:0, instance:App@5ef60048]" started-at="2021-02-09T03:47:30Z" name="endSession" finished-at="2021-02-09T03:47:30Z" duration-ms="592" status="PASS">
          <reporter-output>
          </reporter-output>
        </test-method> <!-- endSession -->
      </class> <!-- App -->
    </test> <!-- Default test -->
  </suite> <!-- Default suite -->
</testng-results>
